{"notification":"C:\\Users\\alex_\\Documents\\Arduino","showUser":true,"telemetry":true,"message":"error","errorLine":"src/arduino/arduino.js:35:54)","level":"error","timestamp":"2017-05-06T13:19:52.921Z"}
{"notification":"C:\\Users\\alex_\\Documents\\Arduino","showUser":true,"telemetry":true,"message":"error","errorLine":"src/arduino/arduino.js:35:48)","level":"warn","timestamp":"2017-05-06T13:20:28.857Z"}
{"notification":"","showUser":true,"telemetry":true,"message":"error","errorLine":"src/arduino/arduino.js:36:40)","level":"warn","timestamp":"2017-05-06T13:20:28.860Z"}
{"notification":"C:\\Users\\alex_\\Documents\\Arduino","showUser":true,"telemetry":true,"message":"error","errorLine":"src/arduino/arduino.js:40:47)","level":"warn","timestamp":"2017-05-06T13:20:28.861Z"}
{"notification":"","showUser":true,"telemetry":true,"message":"error","errorLine":"src/deviceContext.js:71:55)","level":"warn","timestamp":"2017-05-06T13:28:55.865Z"}
{"notification":"","showUser":true,"telemetry":true,"message":"error","errorLine":"src/deviceContext.js:71:55)","level":"warn","timestamp":"2017-05-06T13:28:56.117Z"}
{"notification":"","showUser":true,"telemetry":true,"message":"error","errorLine":"src/deviceContext.js:71:55)","level":"warn","timestamp":"2017-05-06T13:28:56.217Z"}
{"notification":"","showUser":true,"telemetry":true,"message":"error","errorLine":"src/deviceContext.js:71:55)","level":"warn","timestamp":"2017-05-06T13:29:45.223Z"}
{"notification":"","showUser":true,"telemetry":true,"message":"error","errorLine":"src/deviceContext.js:71:55)","level":"warn","timestamp":"2017-05-06T13:29:45.482Z"}
{"notification":"","showUser":true,"telemetry":true,"message":"error","errorLine":"src/deviceContext.js:71:55)","level":"warn","timestamp":"2017-05-06T13:29:45.521Z"}
{"notification":"","showUser":true,"telemetry":true,"message":"error","errorLine":"src/deviceContext.js:71:66)","level":"warn","timestamp":"2017-05-06T13:30:46.666Z"}
{"notification":"","showUser":true,"telemetry":true,"message":"error","errorLine":"src/deviceContext.js:71:66)","level":"warn","timestamp":"2017-05-06T13:30:46.906Z"}
{"notification":"","showUser":true,"telemetry":true,"message":"error","errorLine":"src/deviceContext.js:71:66)","level":"warn","timestamp":"2017-05-06T13:30:47.091Z"}
{"correlationId":"f22db966fec04ee4a020cf6b4a06eaff","command":"arduino.upload","message":"error","errorLine":"src/arduino/arduino.js:110:17)","telemetry":true,"level":"error","timestamp":"2017-05-06T15:00:38.703Z"}
{"correlationId":"3f18e3aae20d424fb77df3afc11e6b42","command":"arduino.upload","message":"error","errorLine":"src/arduino/arduino.js:110:17)","telemetry":true,"level":"error","timestamp":"2017-05-06T15:02:19.479Z"}
{"correlationId":"5cdc45ac26724fc7b7fe594dc580124b","command":"arduino.upload","message":"error","errorLine":"src/arduino/arduino.js:138:57)","telemetry":true,"level":"error","timestamp":"2017-05-06T15:15:23.637Z"}
{"correlationId":"d2f9fbd8de084ecb9de68b2d56682da6","command":"arduino.upload","message":"error","errorLine":"src/arduino/arduino.js:144:21)","telemetry":true,"level":"error","timestamp":"2017-05-06T15:17:20.578Z"}
{"correlationId":"55a1669c04f0422c89e5aabeec2c5712","command":"arduino.upload","message":"error","errorLine":"src/arduino/arduino.js:145:21)","telemetry":true,"level":"error","timestamp":"2017-05-06T15:18:18.875Z"}
{"correlationId":"52b1dc9f573c42a189e18ce08cebfc63","command":"arduino.upload","message":"error","errorLine":"src/arduino/arduino.js:145:21)","telemetry":true,"level":"error","timestamp":"2017-05-06T15:19:25.573Z"}
{"correlationId":"2bbf2d8ec1db48139e1b322fc3c8c98b","command":"arduino.upload","message":"error","errorLine":"src/arduino/arduino.js:147:21)","telemetry":true,"level":"error","timestamp":"2017-05-06T15:20:46.164Z"}
{"correlationId":"119f232e58f44f1bbdd6cf22618bd1a6","command":"arduino.upload","message":"error","errorLine":"src/arduino/arduino.js:150:21)","telemetry":true,"level":"error","timestamp":"2017-05-06T15:26:05.562Z"}
{"notification":"The arduino.json file format is not correct.","showUser":true,"telemetry":true,"message":"error","errorLine":"src/deviceContext.js:87:56)","level":"error","timestamp":"2017-05-06T16:18:33.353Z"}
{"notification":"Please select the board type first.","showUser":true,"telemetry":true,"message":"error","errorLine":"src/arduino/arduino.js:451:59)","level":"error","timestamp":"2017-05-06T16:22:38.740Z"}
{"correlationId":"5a026000b44a4d928baf0168bbc0b69f","command":"arduino.upload","message":"error","errorLine":"src/extension.js:129:54)","telemetry":true,"level":"error","timestamp":"2017-05-06T16:22:38.748Z"}
{"correlationId":"fc7b45a328364aa4a72f4c5e852f69d4","command":"arduino.verify","message":"error","errorLine":"src/arduino/arduino.js:140:76)","telemetry":true,"level":"error","timestamp":"2017-05-06T16:30:53.480Z"}
{"correlationId":"8776f8de2faa49b5a436e7c2a0dab60b","command":"arduino.verify","message":"error","errorLine":"src/arduino/arduino.js:140:76)","telemetry":true,"level":"error","timestamp":"2017-05-06T16:32:11.517Z"}
